Start:2634-5178-AB0C-9DEF
1000
2000
3000
4000
5000
6000
7000
8000
9000
10000
2634-5178-AB0C-9DEF ( left )
2634-5178-A0BC-9DEF ( left )
2634-5178-0ABC-9DEF ( up )
2634-0178-5ABC-9DEF ( right )
2634-1078-5ABC-9DEF ( up )
2034-1678-5ABC-9DEF ( left )
0234-1678-5ABC-9DEF ( down )
1234-0678-5ABC-9DEF ( down )
1234-5678-0ABC-9DEF ( down )
1234-5678-9ABC-0DEF ( right )
1234-5678-9ABC-D0EF ( right )
1234-5678-9ABC-DE0F ( right )
1234-5678-9ABC-DEF0
[bfs] Generated: 23415. Expanded: 10978. Length: 12. Cost: 12.
Start:2634-5178-AB0C-9DEF
Start:2634-5178-AB0C-9DEF
1000
2000
3000
4000
5000
6000
7000
8000
9000
Start:2634-5178-AB0C-9DEF
1000
2000
3000
4000
5000
6000
Start:2634-5178-AB0C-9DEF
1000
2000
3000
4000
5000
6000
7000
8000
9000
10000
2634-5178-AB0C-9DEF ( left )
2634-5178-A0BC-9DEF ( left )
2634-5178-0ABC-9DEF ( up )
2634-0178-5ABC-9DEF ( right )
2634-1078-5ABC-9DEF ( up )
2034-1678-5ABC-9DEF ( left )
0234-1678-5ABC-9DEF ( down )
1234-0678-5ABC-9DEF ( down )
1234-5678-0ABC-9DEF ( down )
1234-5678-9ABC-0DEF ( right )
1234-5678-9ABC-D0EF ( right )
1234-5678-9ABC-DE0F ( right )
1234-5678-9ABC-DEF0
[bfs] Generated: 23415. Expanded: 10978. Length: 12. Cost: 12.
Start:2634-5178-AB0C-9DEF
Start:2634-5178-AB0C-9DEF
1000
2000
3000
4000
5000
6000
7000
8000
9000
10000
11000
12000
13000
14000
15000
16000
17000
18000
19000
20000
21000
22000
23000
24000
25000
26000
27000
28000
29000
30000
31000
python3 search.py --start 2634-5178-AB0C-9DEF --s bfs
Start:2634-5178-AB0C-9DEF
1000
2000
3000
4000
5000
6000
7000
8000
9000
10000
2634-5178-AB0C-9DEF ( left )
2634-5178-A0BC-9DEF ( left )
2634-5178-0ABC-9DEF ( up )
2634-0178-5ABC-9DEF ( right )
2634-1078-5ABC-9DEF ( up )
2034-1678-5ABC-9DEF ( left )
0234-1678-5ABC-9DEF ( down )
1234-0678-5ABC-9DEF ( down )
1234-5678-0ABC-9DEF ( down )
1234-5678-9ABC-0DEF ( right )
1234-5678-9ABC-D0EF ( right )
1234-5678-9ABC-DE0F ( right )
1234-5678-9ABC-DEF0
[bfs] Generated: 23415. Expanded: 10978. Length: 12. Cost: 12.
python3 search.py --start 2634-5178-AB0C-9DEF --s dfs
Start:2634-5178-AB0C-9DEF
python3 search.py --start 2634-5178-AB0C-9DEF --s greedy
Start:2634-5178-AB0C-9DEF
1000
2000
3000
4000
5000
6000
7000
8000
9000
10000
11000
12000
13000
14000
15000
16000
17000
18000
19000
20000
21000
22000
23000
24000
25000
26000
27000
28000
29000
30000
31000
32000
33000
34000
35000
36000
37000
38000
39000
40000
41000
42000
43000
44000
45000
46000
47000
48000
49000
50000
51000
